# JRE version: Java(TM) SE Runtime Environment (8.0_92-b14) (build 1.8.0_92-b14)
# Java VM: Java HotSpot(TM) Client VM (25.92-b14 mixed mode windows-x86 )
Heap:
 def new generation   total 39424K, used 2194K [0x04c00000, 0x076c0000, 0x0f6a0000)
  eden space 35072K,   2% used [0x04c00000, 0x04cb69e8, 0x06e40000)
  from space 4352K,  33% used [0x06e40000, 0x06fade38, 0x07280000)
  to   space 4352K,   0% used [0x07280000, 0x07280000, 0x076c0000)
 tenured generation   total 87424K, used 27223K [0x0f6a0000, 0x14c00000, 0x24c00000)
   the space 87424K,  31% used [0x0f6a0000, 0x11135fe8, 0x11136000, 0x14c00000)
 Metaspace       used 19580K, capacity 20075K, committed 20224K, reserved 20864K
GC Heap History (10 events):
Event: 1.344 GC heap before
{Heap before GC invocations=2 (full 0):
 def new generation   total 39296K, used 23414K [0x04c00000, 0x076a0000, 0x0f6a0000)
  eden space 34944K,  54% used [0x04c00000, 0x05e9d850, 0x06e20000)
  from space 4352K, 100% used [0x06e20000, 0x07260000, 0x07260000)
  to   space 4352K,   0% used [0x07260000, 0x07260000, 0x076a0000)
 tenured generation   total 87424K, used 10189K [0x0f6a0000, 0x14c00000, 0x24c00000)
   the space 87424K,  11% used [0x0f6a0000, 0x10093668, 0x10093800, 0x14c00000)
 Metaspace       used 11924K, capacity 12272K, committed 12288K, reserved 12672K
Event: 1.372 GC heap after
Heap after GC invocations=3 (full 1):
 def new generation   total 39424K, used 0K [0x04c00000, 0x076c0000, 0x0f6a0000)
  eden space 35072K,   0% used [0x04c00000, 0x04c00000, 0x06e40000)
  from space 4352K,   0% used [0x06e40000, 0x06e40000, 0x07280000)
  to   space 4352K,   0% used [0x07280000, 0x07280000, 0x076c0000)
 tenured generation   total 87424K, used 16269K [0x0f6a0000, 0x14c00000, 0x24c00000)
   the space 87424K,  18% used [0x0f6a0000, 0x106837b8, 0x10683800, 0x14c00000)
 Metaspace       used 11924K, capacity 12272K, committed 12288K, reserved 12672K
}
Event: 2.000 GC heap before
{Heap before GC invocations=3 (full 1):
 def new generation   total 39424K, used 33686K [0x04c00000, 0x076c0000, 0x0f6a0000)
  eden space 35072K,  96% used [0x04c00000, 0x06ce59f8, 0x06e40000)
  from space 4352K,   0% used [0x06e40000, 0x06e40000, 0x07280000)
  to   space 4352K,   0% used [0x07280000, 0x07280000, 0x076c0000)
 tenured generation   total 87424K, used 16269K [0x0f6a0000, 0x14c00000, 0x24c00000)
   the space 87424K,  18% used [0x0f6a0000, 0x106837b8, 0x10683800, 0x14c00000)
 Metaspace       used 17208K, capacity 17641K, committed 17792K, reserved 17792K
Event: 2.012 GC heap after
Heap after GC invocations=4 (full 1):
 def new generation   total 39424K, used 4352K [0x04c00000, 0x076c0000, 0x0f6a0000)
  eden space 35072K,   0% used [0x04c00000, 0x04c00000, 0x06e40000)
  from space 4352K, 100% used [0x07280000, 0x076c0000, 0x076c0000)
  to   space 4352K,   0% used [0x06e40000, 0x06e40000, 0x07280000)
 tenured generation   total 87424K, used 18158K [0x0f6a0000, 0x14c00000, 0x24c00000)
   the space 87424K,  20% used [0x0f6a0000, 0x1085baa0, 0x1085bc00, 0x14c00000)
 Metaspace       used 17208K, capacity 17641K, committed 17792K, reserved 17792K
}
Event: 63.579 GC heap before
{Heap before GC invocations=4 (full 1):
 def new generation   total 39424K, used 39424K [0x04c00000, 0x076c0000, 0x0f6a0000)
  eden space 35072K, 100% used [0x04c00000, 0x06e40000, 0x06e40000)
  from space 4352K, 100% used [0x07280000, 0x076c0000, 0x076c0000)
  to   space 4352K,   0% used [0x06e40000, 0x06e40000, 0x07280000)
 tenured generation   total 87424K, used 18158K [0x0f6a0000, 0x14c00000, 0x24c00000)
   the space 87424K,  20% used [0x0f6a0000, 0x1085baa0, 0x1085bc00, 0x14c00000)
 Metaspace       used 18978K, capacity 19464K, committed 19584K, reserved 19840K
Event: 63.592 GC heap after
Heap after GC invocations=5 (full 1):
 def new generation   total 39424K, used 4352K [0x04c00000, 0x076c0000, 0x0f6a0000)
  eden space 35072K,   0% used [0x04c00000, 0x04c00000, 0x06e40000)
  from space 4352K, 100% used [0x06e40000, 0x07280000, 0x07280000)
  to   space 4352K,   0% used [0x07280000, 0x07280000, 0x076c0000)
 tenured generation   total 87424K, used 24397K [0x0f6a0000, 0x14c00000, 0x24c00000)
   the space 87424K,  27% used [0x0f6a0000, 0x10e73510, 0x10e73600, 0x14c00000)
 Metaspace       used 18978K, capacity 19464K, committed 19584K, reserved 19840K
}
Event: 746.059 GC heap before
{Heap before GC invocations=5 (full 1):
 def new generation   total 39424K, used 39424K [0x04c00000, 0x076c0000, 0x0f6a0000)
  eden space 35072K, 100% used [0x04c00000, 0x06e40000, 0x06e40000)
  from space 4352K, 100% used [0x06e40000, 0x07280000, 0x07280000)
  to   space 4352K,   0% used [0x07280000, 0x07280000, 0x076c0000)
 tenured generation   total 87424K, used 24397K [0x0f6a0000, 0x14c00000, 0x24c00000)
   the space 87424K,  27% used [0x0f6a0000, 0x10e73510, 0x10e73600, 0x14c00000)
 Metaspace       used 19565K, capacity 20075K, committed 20224K, reserved 20864K
Event: 746.075 GC heap after
Heap after GC invocations=6 (full 1):
 def new generation   total 39424K, used 1682K [0x04c00000, 0x076c0000, 0x0f6a0000)
  eden space 35072K,   0% used [0x04c00000, 0x04c00000, 0x06e40000)
  from space 4352K,  38% used [0x07280000, 0x07424ac0, 0x076c0000)
  to   space 4352K,   0% used [0x06e40000, 0x06e40000, 0x07280000)
 tenured generation   total 87424K, used 27223K [0x0f6a0000, 0x14c00000, 0x24c00000)
   the space 87424K,  31% used [0x0f6a0000, 0x11135fe8, 0x11136000, 0x14c00000)
 Metaspace       used 19565K, capacity 20075K, committed 20224K, reserved 20864K
}
Event: 3114.526 GC heap before
{Heap before GC invocations=6 (full 1):
 def new generation   total 39424K, used 36754K [0x04c00000, 0x076c0000, 0x0f6a0000)
  eden space 35072K, 100% used [0x04c00000, 0x06e40000, 0x06e40000)
  from space 4352K,  38% used [0x07280000, 0x07424ac0, 0x076c0000)
  to   space 4352K,   0% used [0x06e40000, 0x06e40000, 0x07280000)
 tenured generation   total 87424K, used 27223K [0x0f6a0000, 0x14c00000, 0x24c00000)
   the space 87424K,  31% used [0x0f6a0000, 0x11135fe8, 0x11136000, 0x14c00000)
 Metaspace       used 19580K, capacity 20075K, committed 20224K, reserved 20864K
Event: 3114.531 GC heap after
Heap after GC invocations=7 (full 1):
 def new generation   total 39424K, used 1463K [0x04c00000, 0x076c0000, 0x0f6a0000)
  eden space 35072K,   0% used [0x04c00000, 0x04c00000, 0x06e40000)
  from space 4352K,  33% used [0x06e40000, 0x06fade38, 0x07280000)
  to   space 4352K,   0% used [0x07280000, 0x07280000, 0x076c0000)
 tenured generation   total 87424K, used 27223K [0x0f6a0000, 0x14c00000, 0x24c00000)
   the space 87424K,  31% used [0x0f6a0000, 0x11135fe8, 0x11136000, 0x14c00000)
 Metaspace       used 19580K, capacity 20075K, committed 20224K, reserved 20864K
}

